<?xml version="1.0" encoding="UTF-8"?>
<testsuite xmlns:xsi="http://www.w3.org/2001/XMLSchema-instance" xsi:noNamespaceSchemaLocation="https://maven.apache.org/surefire/maven-surefire-plugin/xsd/surefire-test-report-3.0.xsd" version="3.0" name="com.micro.config.MicroserviceConfigApplicationTests" time="35.424" tests="1" errors="0" skipped="0" failures="0">
  <properties>
[...]
</properties>
  <testcase name="contextLoads" classname="com.micro.config.MicroserviceConfigApplicationTests" time="5.673">
    <system-out><![CDATA[20:08:16.566 [main] INFO org.springframework.test.context.support.AnnotationConfigContextLoaderUtils -- Could not detect default configuration classes for test class [com.micro.config.MicroserviceConfigApplicationTests]: MicroserviceConfigApplicationTests does not declare any static, non-private, non-final, nested classes annotated with @Configuration.
20:08:17.787 [main] INFO org.springframework.boot.test.context.SpringBootTestContextBootstrapper -- Found @SpringBootConfiguration com.micro.config.MicroserviceConfigApplication for test class com.micro.config.MicroserviceConfigApplicationTests

  .   ____          _            __ _ _
 /\\ / ___'_ __ _ _(_)_ __  __ _ \ \ \ \
( ( )\___ | '_ | '_| | '_ \/ _` | \ \ \ \
 \\/  ___)| |_)| | | | | || (_| |  ) ) ) )
  '  |____| .__|_| |_|_| |_\__, | / / / /
 =========|_|==============|___/=/_/_/_/

 :: Spring Boot ::                (v3.3.2)

2024-08-20T20:08:28.406-05:00  INFO 10116 --- [config-server] [           main] c.m.c.MicroserviceConfigApplicationTests : Starting MicroserviceConfigApplicationTests using Java 17 with PID 10116 (started by Edwin in C:\Users\Edwin\Desktop\Distributed\JavaMicroservices\microservice-config)
2024-08-20T20:08:28.421-05:00  INFO 10116 --- [config-server] [           main] c.m.c.MicroserviceConfigApplicationTests : The following 1 profile is active: "native"
2024-08-20T20:08:36.913-05:00  INFO 10116 --- [config-server] [           main] o.s.cloud.context.scope.GenericScope     : BeanFactory id=99b6ad73-a40e-3b9c-83de-f4ff863dd902
2024-08-20T20:08:44.078-05:00  INFO 10116 --- [config-server] [           main] o.s.b.a.e.web.EndpointLinksResolver      : Exposing 1 endpoint beneath base path '/actuator'
2024-08-20T20:08:44.695-05:00  INFO 10116 --- [config-server] [           main] c.m.c.MicroserviceConfigApplicationTests : Started MicroserviceConfigApplicationTests in 20.441 seconds (process running for 33.693)
]]></system-out>
  </testcase>
</testsuite>